[debug] [2025-10-22T16:44:33.564Z] ----------------------------------------------------------------------
[debug] [2025-10-22T16:44:33.566Z] Command:       /Users/rupertsimpson/.nvm/versions/node/v20.19.0/bin/node /Users/rupertsimpson/.nvm/versions/node/v20.19.0/bin/firebase init
[debug] [2025-10-22T16:44:33.566Z] CLI Version:   14.17.0
[debug] [2025-10-22T16:44:33.566Z] Platform:      darwin
[debug] [2025-10-22T16:44:33.566Z] Node Version:  v20.19.0
[debug] [2025-10-22T16:44:33.566Z] Time:          Wed Oct 22 2025 12:44:33 GMT-0400 (Eastern Daylight Time)
[debug] [2025-10-22T16:44:33.566Z] ----------------------------------------------------------------------
[debug] 
[debug] [2025-10-22T16:44:33.664Z] > command requires scopes: ["email","openid","https://www.googleapis.com/auth/cloudplatformprojects.readonly","https://www.googleapis.com/auth/firebase","https://www.googleapis.com/auth/cloud-platform"]
[debug] [2025-10-22T16:44:33.665Z] > authorizing via signed-in user (rupertjamessimpson@gmail.com)
[info] 
     ######## #### ########  ######## ########     ###     ######  ########
     ##        ##  ##     ## ##       ##     ##  ##   ##  ##       ##
     ######    ##  ########  ######   ########  #########  ######  ######
     ##        ##  ##    ##  ##       ##     ## ##     ##       ## ##
     ##       #### ##     ## ######## ########  ##     ##  ######  ########

You're about to initialize a Firebase project in this directory:

  /Users/rupertsimpson/Documents/MSCS/Project Course/tutorlearnerdatabase

Before we get started, keep in mind:

  * You are initializing within an existing Firebase project directory

[debug] [2025-10-22T16:47:01.021Z] ExitPromptError: User force closed the prompt with SIGINT
    at Interface.sigint (/Users/rupertsimpson/.nvm/versions/node/v20.19.0/lib/node_modules/firebase-tools/node_modules/@inquirer/core/dist/commonjs/lib/create-prompt.js:101:37)
    at Interface.emit (node:events:524:28)
    at Interface.emit (node:domain:489:12)
    at [_ttyWrite] [as _ttyWrite] (node:internal/readline/interface:1125:18)
    at ReadStream.onkeypress (node:internal/readline/interface:264:20)
    at ReadStream.emit (node:events:536:35)
    at ReadStream.emit (node:domain:489:12)
    at emitKeys (node:internal/readline/utils:371:14)
    at emitKeys.next (<anonymous>)
    at ReadStream.onData (node:internal/readline/emitKeypressEvents:64:36)
[error] 
[error] Error: An unexpected error has occurred.
